<?xml version="1.0" encoding="UTF-8"?>
<testng-results skipped="0" failed="0" total="1" passed="1">
  <reporter-output>
  </reporter-output>
  <suite name="Default suite" duration-ms="11057" started-at="2019-06-19T15:49:35Z" finished-at="2019-06-19T15:49:46Z">
    <groups>
    </groups>
    <test name="Default test" duration-ms="11057" started-at="2019-06-19T15:49:35Z" finished-at="2019-06-19T15:49:46Z">
      <class name="com.TestRunner.TestRunner">
        <test-method status="PASS" signature="setUpClass()[pri:0, instance:com.TestRunner.TestRunner@589838eb]" name="setUpClass" is-config="true" duration-ms="178" started-at="2019-06-19T11:49:35Z" finished-at="2019-06-19T11:49:35Z">
          <reporter-output>
          </reporter-output>
        </test-method> <!-- setUpClass -->
        <test-method status="PASS" signature="feature(cucumber.api.testng.CucumberFeatureWrapper)[pri:0, instance:com.TestRunner.TestRunner@589838eb]" name="feature" duration-ms="10787" started-at="2019-06-19T11:49:35Z" data-provider="features" finished-at="2019-06-19T11:49:46Z">
          <params>
            <param index="0">
              <value>
                <![CDATA[FreeCRM Login Validations]]>
              </value>
            </param>
          </params>
          <reporter-output>
          </reporter-output>
        </test-method> <!-- feature -->
        <test-method status="PASS" signature="tearDownClass()[pri:0, instance:com.TestRunner.TestRunner@589838eb]" name="tearDownClass" is-config="true" duration-ms="6" started-at="2019-06-19T11:49:46Z" finished-at="2019-06-19T11:49:46Z">
          <reporter-output>
          </reporter-output>
        </test-method> <!-- tearDownClass -->
      </class> <!-- com.TestRunner.TestRunner -->
    </test> <!-- Default test -->
  </suite> <!-- Default suite -->
</testng-results>
